ERROR - 2017-09-22 00:12:15 --> Severity: Warning --> include(C:\xampp\htdocs\webpro\admin\views\errors\html\error_general.php): failed to open stream: No such file or directory C:\xampp\htdocs\webpro\system\core\Exceptions.php 182
ERROR - 2017-09-22 00:12:15 --> Severity: Warning --> include(): Failed opening 'C:\xampp\htdocs\webpro\admin\views\errors\html\error_general.php' for inclusion (include_path='C:\xampp\php\PEAR') C:\xampp\htdocs\webpro\system\core\Exceptions.php 182
ERROR - 2017-09-22 00:16:36 --> Severity: Warning --> include(C:\xampp\htdocs\webpro\admin\views\errors\html\error_general.php): failed to open stream: No such file or directory C:\xampp\htdocs\webpro\system\core\Exceptions.php 182
ERROR - 2017-09-22 00:16:36 --> Severity: Warning --> include(): Failed opening 'C:\xampp\htdocs\webpro\admin\views\errors\html\error_general.php' for inclusion (include_path='C:\xampp\php\PEAR') C:\xampp\htdocs\webpro\system\core\Exceptions.php 182
ERROR - 2017-09-22 00:20:21 --> Severity: Warning --> include(C:\xampp\htdocs\webpro\admin\views\errors\html\error_general.php): failed to open stream: No such file or directory C:\xampp\htdocs\webpro\system\core\Exceptions.php 182
ERROR - 2017-09-22 00:20:21 --> Severity: Warning --> include(): Failed opening 'C:\xampp\htdocs\webpro\admin\views\errors\html\error_general.php' for inclusion (include_path='C:\xampp\php\PEAR') C:\xampp\htdocs\webpro\system\core\Exceptions.php 182
ERROR - 2017-09-22 00:20:22 --> Severity: Warning --> include(C:\xampp\htdocs\webpro\admin\views\errors\html\error_general.php): failed to open stream: No such file or directory C:\xampp\htdocs\webpro\system\core\Exceptions.php 182
ERROR - 2017-09-22 00:20:22 --> Severity: Warning --> include(): Failed opening 'C:\xampp\htdocs\webpro\admin\views\errors\html\error_general.php' for inclusion (include_path='C:\xampp\php\PEAR') C:\xampp\htdocs\webpro\system\core\Exceptions.php 182
ERROR - 2017-09-22 00:23:10 --> Severity: Warning --> include(C:\xampp\htdocs\webpro\admin\views\errors\html\error_general.php): failed to open stream: No such file or directory C:\xampp\htdocs\webpro\system\core\Exceptions.php 182
ERROR - 2017-09-22 00:23:10 --> Severity: Warning --> include(): Failed opening 'C:\xampp\htdocs\webpro\admin\views\errors\html\error_general.php' for inclusion (include_path='C:\xampp\php\PEAR') C:\xampp\htdocs\webpro\system\core\Exceptions.php 182
ERROR - 2017-09-22 00:23:14 --> 404 Page Not Found: Indexhtml/index
ERROR - 2017-09-22 00:23:14 --> Severity: Warning --> include(C:\xampp\htdocs\webpro\admin\views\errors\html\error_404.php): failed to open stream: No such file or directory C:\xampp\htdocs\webpro\system\core\Exceptions.php 182
ERROR - 2017-09-22 00:23:14 --> Severity: Warning --> include(): Failed opening 'C:\xampp\htdocs\webpro\admin\views\errors\html\error_404.php' for inclusion (include_path='C:\xampp\php\PEAR') C:\xampp\htdocs\webpro\system\core\Exceptions.php 182
ERROR - 2017-09-22 00:23:16 --> 404 Page Not Found: Indexhtml/index
ERROR - 2017-09-22 00:23:16 --> Severity: Warning --> include(C:\xampp\htdocs\webpro\admin\views\errors\html\error_404.php): failed to open stream: No such file or directory C:\xampp\htdocs\webpro\system\core\Exceptions.php 182
ERROR - 2017-09-22 00:23:16 --> Severity: Warning --> include(): Failed opening 'C:\xampp\htdocs\webpro\admin\views\errors\html\error_404.php' for inclusion (include_path='C:\xampp\php\PEAR') C:\xampp\htdocs\webpro\system\core\Exceptions.php 182
ERROR - 2017-09-22 00:23:20 --> 404 Page Not Found: Indexhtml/index
ERROR - 2017-09-22 00:23:20 --> Severity: Warning --> include(C:\xampp\htdocs\webpro\admin\views\errors\html\error_404.php): failed to open stream: No such file or directory C:\xampp\htdocs\webpro\system\core\Exceptions.php 182
ERROR - 2017-09-22 00:23:20 --> Severity: Warning --> include(): Failed opening 'C:\xampp\htdocs\webpro\admin\views\errors\html\error_404.php' for inclusion (include_path='C:\xampp\php\PEAR') C:\xampp\htdocs\webpro\system\core\Exceptions.php 182
ERROR - 2017-09-22 00:23:21 --> 404 Page Not Found: Indexhtml/index
ERROR - 2017-09-22 00:23:21 --> Severity: Warning --> include(C:\xampp\htdocs\webpro\admin\views\errors\html\error_404.php): failed to open stream: No such file or directory C:\xampp\htdocs\webpro\system\core\Exceptions.php 182
ERROR - 2017-09-22 00:23:21 --> Severity: Warning --> include(): Failed opening 'C:\xampp\htdocs\webpro\admin\views\errors\html\error_404.php' for inclusion (include_path='C:\xampp\php\PEAR') C:\xampp\htdocs\webpro\system\core\Exceptions.php 182
ERROR - 2017-09-22 00:24:32 --> Severity: Warning --> include(C:\xampp\htdocs\webpro\admin\views\errors\html\error_general.php): failed to open stream: No such file or directory C:\xampp\htdocs\webpro\system\core\Exceptions.php 182
ERROR - 2017-09-22 00:24:32 --> Severity: Warning --> include(): Failed opening 'C:\xampp\htdocs\webpro\admin\views\errors\html\error_general.php' for inclusion (include_path='C:\xampp\php\PEAR') C:\xampp\htdocs\webpro\system\core\Exceptions.php 182
ERROR - 2017-09-22 00:25:56 --> 404 Page Not Found: Index/index
ERROR - 2017-09-22 00:25:56 --> Severity: Warning --> include(C:\xampp\htdocs\webpro\admin\views\errors\html\error_404.php): failed to open stream: No such file or directory C:\xampp\htdocs\webpro\system\core\Exceptions.php 182
ERROR - 2017-09-22 00:25:56 --> Severity: Warning --> include(): Failed opening 'C:\xampp\htdocs\webpro\admin\views\errors\html\error_404.php' for inclusion (include_path='C:\xampp\php\PEAR') C:\xampp\htdocs\webpro\system\core\Exceptions.php 182
ERROR - 2017-09-22 00:26:04 --> Severity: Warning --> include(C:\xampp\htdocs\webpro\admin\views\errors\html\error_general.php): failed to open stream: No such file or directory C:\xampp\htdocs\webpro\system\core\Exceptions.php 182
ERROR - 2017-09-22 00:26:04 --> Severity: Warning --> include(): Failed opening 'C:\xampp\htdocs\webpro\admin\views\errors\html\error_general.php' for inclusion (include_path='C:\xampp\php\PEAR') C:\xampp\htdocs\webpro\system\core\Exceptions.php 182
ERROR - 2017-09-22 00:26:23 --> Severity: Warning --> include(C:\xampp\htdocs\webpro\admin\views\errors\html\error_general.php): failed to open stream: No such file or directory C:\xampp\htdocs\webpro\system\core\Exceptions.php 182
ERROR - 2017-09-22 00:26:23 --> Severity: Warning --> include(): Failed opening 'C:\xampp\htdocs\webpro\admin\views\errors\html\error_general.php' for inclusion (include_path='C:\xampp\php\PEAR') C:\xampp\htdocs\webpro\system\core\Exceptions.php 182
ERROR - 2017-09-22 00:27:57 --> Severity: Warning --> include(C:\xampp\htdocs\webpro\admin\views\errors\html\error_general.php): failed to open stream: No such file or directory C:\xampp\htdocs\webpro\system\core\Exceptions.php 182
ERROR - 2017-09-22 00:27:57 --> Severity: Warning --> include(): Failed opening 'C:\xampp\htdocs\webpro\admin\views\errors\html\error_general.php' for inclusion (include_path='C:\xampp\php\PEAR') C:\xampp\htdocs\webpro\system\core\Exceptions.php 182
ERROR - 2017-09-22 00:28:10 --> Severity: Warning --> include(C:\xampp\htdocs\webpro\admin\views\errors\html\error_general.php): failed to open stream: No such file or directory C:\xampp\htdocs\webpro\system\core\Exceptions.php 182
ERROR - 2017-09-22 00:28:10 --> Severity: Warning --> include(): Failed opening 'C:\xampp\htdocs\webpro\admin\views\errors\html\error_general.php' for inclusion (include_path='C:\xampp\php\PEAR') C:\xampp\htdocs\webpro\system\core\Exceptions.php 182
